PasswordAuthentication/app/build/intermediates/manifest_merge_blame_file/debug/manifest-merger-blame-debug-report.txt
1<?xml version="1.0" encoding="utf-8"?>
2<manifest xmlns:android="http://schemas.android.com/apk/res/android"
3    package="com.example.passwordauthentication"
4    android:versionCode="1"
5    android:versionName="1.0" >
6
7    <uses-sdk
8        android:minSdkVersion="15"
8-->src\main\AndroidManifest.xml
9        android:targetSdkVersion="29" />
9-->src\main\AndroidManifest.xml
10
11    <uses-permission android:name="android.permission.FOREGROUND_SERVICE" />
11-->src\main\AndroidManifest.xml:7:5-76
11-->src\main\AndroidManifest.xml:7:22-74
12    <uses-permission android:name="android.permission.PACKAGE_USAGE_STATS" />
12-->src\main\AndroidManifest.xml:8:5-9:47
12-->src\main\AndroidManifest.xml:8:22-75
13    <uses-permission android:name="android.permission.RECEIVE_BOOT_COMPLETED" />
13-->src\main\AndroidManifest.xml:10:5-80
13-->src\main\AndroidManifest.xml:10:22-78
14    <uses-permission android:name="android.permission.INTERNET" />
14-->src\main\AndroidManifest.xml:11:5-66
14-->src\main\AndroidManifest.xml:11:22-64
15    <uses-permission android:name="android.permission.ACCESS_NETWORK_STATE" />
15-->src\main\AndroidManifest.xml:12:5-78
15-->src\main\AndroidManifest.xml:12:22-76
16    <uses-permission android:name="android.permission.WAKE_LOCK" />
16-->src\main\AndroidManifest.xml:13:5-67
16-->src\main\AndroidManifest.xml:13:22-65
17    <uses-permission android:name="com.google.android.finsky.permission.BIND_GET_INSTALL_REFERRER_SERVICE" />
17-->src\main\AndroidManifest.xml:14:5-109
17-->src\main\AndroidManifest.xml:14:22-107
18
19    <application
19-->src\main\AndroidManifest.xml:15:5-41:19
20        android:allowBackup="true"
20-->src\main\AndroidManifest.xml:16:9-35
21        android:appComponentFactory="androidx.core.app.CoreComponentFactory"
21-->[androidx.core:core:1.1.0] AndroidManifest.xml:24:18-86
22        android:debuggable="true"
23        android:icon="@mipmap/ic_launcher"
23-->src\main\AndroidManifest.xml:17:9-43
24        android:label="@string/app_name"
24-->src\main\AndroidManifest.xml:18:9-41
25        android:roundIcon="@mipmap/ic_launcher_round"
25-->src\main\AndroidManifest.xml:19:9-54
26        android:supportsRtl="true"
26-->src\main\AndroidManifest.xml:20:9-35
27        android:testOnly="true"
28        android:theme="@style/FullScreen" >
28-->src\main\AndroidManifest.xml:21:9-42
29        <activity android:name="com.example.passwordauthentication.LockScreen" />
29-->src\main\AndroidManifest.xml:22:9-81
29-->src\main\AndroidManifest.xml:22:19-79
30        <activity android:name="com.example.passwordauthentication.Lock_app_activity" />
30-->src\main\AndroidManifest.xml:23:9-88
30-->src\main\AndroidManifest.xml:23:19-86
31        <activity android:name="com.example.passwordauthentication.MainActivity" >
31-->src\main\AndroidManifest.xml:24:9-30:20
31-->src\main\AndroidManifest.xml:24:19-81
32            <intent-filter>
32-->src\main\AndroidManifest.xml:25:13-29:29
33                <action android:name="android.intent.action.MAIN" />
33-->src\main\AndroidManifest.xml:26:17-69
33-->src\main\AndroidManifest.xml:26:25-66
34
35                <category android:name="android.intent.category.LAUNCHER" />
35-->src\main\AndroidManifest.xml:28:17-77
35-->src\main\AndroidManifest.xml:28:27-74
36            </intent-filter>
37        </activity>
38
39        <service android:name="com.example.passwordauthentication.BackgroundServices" />
39-->src\main\AndroidManifest.xml:31:9-63
39-->src\main\AndroidManifest.xml:31:18-52
40
41        <receiver
41-->src\main\AndroidManifest.xml:32:9-39:20
42            android:name="com.example.passwordauthentication.RestartService"
42-->src\main\AndroidManifest.xml:32:61-125
43            android:enabled="true"
43-->src\main\AndroidManifest.xml:32:126-148
44            android:exported="true"
44-->src\main\AndroidManifest.xml:32:149-172
45            android:label="RestartServiceWhenStopped" >
45-->src\main\AndroidManifest.xml:32:19-60
46            <intent-filter>
46-->src\main\AndroidManifest.xml:33:13-38:29
47                <action android:name="RestartService" />
47-->src\main\AndroidManifest.xml:34:17-56
47-->src\main\AndroidManifest.xml:34:25-54
48                <action android:name="android.intent.action.BOOT_COMPLETED" />
48-->src\main\AndroidManifest.xml:35:17-78
48-->src\main\AndroidManifest.xml:35:25-76
49
50                <category android:name="android.intent.category.DEFAULT" />
50-->src\main\AndroidManifest.xml:36:17-75
50-->src\main\AndroidManifest.xml:36:27-73
51
52                <action android:name="android.intent.action.QUICKBOOT_POWERON" />
52-->src\main\AndroidManifest.xml:37:17-81
52-->src\main\AndroidManifest.xml:37:25-79
53            </intent-filter>
54        </receiver>
55    </application>
56
57</manifest>